ARM GAS  /tmp/ccCYTMjq.s 			page 1


   1              		.cpu cortex-m4
   2              		.eabi_attribute 27, 1
   3              		.eabi_attribute 28, 1
   4              		.eabi_attribute 20, 1
   5              		.eabi_attribute 21, 1
   6              		.eabi_attribute 23, 3
   7              		.eabi_attribute 24, 1
   8              		.eabi_attribute 25, 1
   9              		.eabi_attribute 26, 1
  10              		.eabi_attribute 30, 2
  11              		.eabi_attribute 34, 1
  12              		.eabi_attribute 18, 4
  13              		.file	"stm32f4xx_it.c"
  14              		.text
  15              	.Ltext0:
  16              		.cfi_sections	.debug_frame
  17              		.section	.text.NMI_Handler,"ax",%progbits
  18              		.align	1
  19              		.p2align 2,,3
  20              		.global	NMI_Handler
  21              		.arch armv7e-m
  22              		.syntax unified
  23              		.thumb
  24              		.thumb_func
  25              		.fpu fpv4-sp-d16
  27              	NMI_Handler:
  28              	.LFB130:
  29              		.file 1 "Src/stm32f4xx_it.c"
   1:Src/stm32f4xx_it.c **** /* USER CODE BEGIN Header */
   2:Src/stm32f4xx_it.c **** /**
   3:Src/stm32f4xx_it.c ****   ******************************************************************************
   4:Src/stm32f4xx_it.c ****   * @file    stm32f4xx_it.c
   5:Src/stm32f4xx_it.c ****   * @brief   Interrupt Service Routines.
   6:Src/stm32f4xx_it.c ****   ******************************************************************************
   7:Src/stm32f4xx_it.c ****   * @attention
   8:Src/stm32f4xx_it.c ****   *
   9:Src/stm32f4xx_it.c ****   * <h2><center>&copy; Copyright (c) 2022 STMicroelectronics.
  10:Src/stm32f4xx_it.c ****   * All rights reserved.</center></h2>
  11:Src/stm32f4xx_it.c ****   *
  12:Src/stm32f4xx_it.c ****   * This software component is licensed by ST under BSD 3-Clause license,
  13:Src/stm32f4xx_it.c ****   * the "License"; You may not use this file except in compliance with the
  14:Src/stm32f4xx_it.c ****   * License. You may obtain a copy of the License at:
  15:Src/stm32f4xx_it.c ****   *                        opensource.org/licenses/BSD-3-Clause
  16:Src/stm32f4xx_it.c ****   *
  17:Src/stm32f4xx_it.c ****   ******************************************************************************
  18:Src/stm32f4xx_it.c ****   */
  19:Src/stm32f4xx_it.c **** /* USER CODE END Header */
  20:Src/stm32f4xx_it.c **** 
  21:Src/stm32f4xx_it.c **** /* Includes ------------------------------------------------------------------*/
  22:Src/stm32f4xx_it.c **** #include "main.h"
  23:Src/stm32f4xx_it.c **** #include "stm32f4xx_it.h"
  24:Src/stm32f4xx_it.c **** /* Private includes ----------------------------------------------------------*/
  25:Src/stm32f4xx_it.c **** /* USER CODE BEGIN Includes */
  26:Src/stm32f4xx_it.c **** /* USER CODE END Includes */
  27:Src/stm32f4xx_it.c **** 
  28:Src/stm32f4xx_it.c **** /* Private typedef -----------------------------------------------------------*/
  29:Src/stm32f4xx_it.c **** /* USER CODE BEGIN TD */
ARM GAS  /tmp/ccCYTMjq.s 			page 2


  30:Src/stm32f4xx_it.c **** 
  31:Src/stm32f4xx_it.c **** /* USER CODE END TD */
  32:Src/stm32f4xx_it.c **** 
  33:Src/stm32f4xx_it.c **** /* Private define ------------------------------------------------------------*/
  34:Src/stm32f4xx_it.c **** /* USER CODE BEGIN PD */
  35:Src/stm32f4xx_it.c **** 
  36:Src/stm32f4xx_it.c **** /* USER CODE END PD */
  37:Src/stm32f4xx_it.c **** 
  38:Src/stm32f4xx_it.c **** /* Private macro -------------------------------------------------------------*/
  39:Src/stm32f4xx_it.c **** /* USER CODE BEGIN PM */
  40:Src/stm32f4xx_it.c **** 
  41:Src/stm32f4xx_it.c **** /* USER CODE END PM */
  42:Src/stm32f4xx_it.c **** 
  43:Src/stm32f4xx_it.c **** /* Private variables ---------------------------------------------------------*/
  44:Src/stm32f4xx_it.c **** /* USER CODE BEGIN PV */
  45:Src/stm32f4xx_it.c **** 
  46:Src/stm32f4xx_it.c **** /* USER CODE END PV */
  47:Src/stm32f4xx_it.c **** 
  48:Src/stm32f4xx_it.c **** /* Private function prototypes -----------------------------------------------*/
  49:Src/stm32f4xx_it.c **** /* USER CODE BEGIN PFP */
  50:Src/stm32f4xx_it.c **** 
  51:Src/stm32f4xx_it.c **** /* USER CODE END PFP */
  52:Src/stm32f4xx_it.c **** 
  53:Src/stm32f4xx_it.c **** /* Private user code ---------------------------------------------------------*/
  54:Src/stm32f4xx_it.c **** /* USER CODE BEGIN 0 */
  55:Src/stm32f4xx_it.c **** 
  56:Src/stm32f4xx_it.c **** /* USER CODE END 0 */
  57:Src/stm32f4xx_it.c **** 
  58:Src/stm32f4xx_it.c **** /* External variables --------------------------------------------------------*/
  59:Src/stm32f4xx_it.c **** 
  60:Src/stm32f4xx_it.c **** /* USER CODE BEGIN EV */
  61:Src/stm32f4xx_it.c **** 
  62:Src/stm32f4xx_it.c **** /* USER CODE END EV */
  63:Src/stm32f4xx_it.c **** 
  64:Src/stm32f4xx_it.c **** /******************************************************************************/
  65:Src/stm32f4xx_it.c **** /*           Cortex-M4 Processor Interruption and Exception Handlers          */
  66:Src/stm32f4xx_it.c **** /******************************************************************************/
  67:Src/stm32f4xx_it.c **** /**
  68:Src/stm32f4xx_it.c ****   * @brief This function handles Non maskable interrupt.
  69:Src/stm32f4xx_it.c ****   */
  70:Src/stm32f4xx_it.c **** void NMI_Handler(void)
  71:Src/stm32f4xx_it.c **** {
  30              		.loc 1 71 1 view -0
  31              		.cfi_startproc
  32              		@ Volatile: function does not return.
  33              		@ args = 0, pretend = 0, frame = 0
  34              		@ frame_needed = 0, uses_anonymous_args = 0
  35              		@ link register save eliminated.
  36              	.L2:
  72:Src/stm32f4xx_it.c ****   /* USER CODE BEGIN NonMaskableInt_IRQn 0 */
  73:Src/stm32f4xx_it.c **** 
  74:Src/stm32f4xx_it.c ****   /* USER CODE END NonMaskableInt_IRQn 0 */
  75:Src/stm32f4xx_it.c ****   /* USER CODE BEGIN NonMaskableInt_IRQn 1 */
  76:Src/stm32f4xx_it.c ****   while (1)
  37              		.loc 1 76 3 discriminator 1 view .LVU1
  77:Src/stm32f4xx_it.c ****   {
  78:Src/stm32f4xx_it.c ****   }
ARM GAS  /tmp/ccCYTMjq.s 			page 3


  38              		.loc 1 78 3 discriminator 1 view .LVU2
  76:Src/stm32f4xx_it.c ****   {
  39              		.loc 1 76 9 discriminator 1 view .LVU3
  40 0000 FEE7     		b	.L2
  41              		.cfi_endproc
  42              	.LFE130:
  44 0002 00BF     		.section	.text.HardFault_Handler,"ax",%progbits
  45              		.align	1
  46              		.p2align 2,,3
  47              		.global	HardFault_Handler
  48              		.syntax unified
  49              		.thumb
  50              		.thumb_func
  51              		.fpu fpv4-sp-d16
  53              	HardFault_Handler:
  54              	.LFB131:
  79:Src/stm32f4xx_it.c ****   /* USER CODE END NonMaskableInt_IRQn 1 */
  80:Src/stm32f4xx_it.c **** }
  81:Src/stm32f4xx_it.c **** 
  82:Src/stm32f4xx_it.c **** /**
  83:Src/stm32f4xx_it.c ****   * @brief This function handles Hard fault interrupt.
  84:Src/stm32f4xx_it.c ****   */
  85:Src/stm32f4xx_it.c **** void HardFault_Handler(void)
  86:Src/stm32f4xx_it.c **** {
  55              		.loc 1 86 1 view -0
  56              		.cfi_startproc
  57              		@ Volatile: function does not return.
  58              		@ args = 0, pretend = 0, frame = 0
  59              		@ frame_needed = 0, uses_anonymous_args = 0
  60              		@ link register save eliminated.
  61              	.L5:
  87:Src/stm32f4xx_it.c ****   /* USER CODE BEGIN HardFault_IRQn 0 */
  88:Src/stm32f4xx_it.c **** 
  89:Src/stm32f4xx_it.c ****   /* USER CODE END HardFault_IRQn 0 */
  90:Src/stm32f4xx_it.c ****   while (1)
  62              		.loc 1 90 3 discriminator 1 view .LVU5
  91:Src/stm32f4xx_it.c ****   {
  92:Src/stm32f4xx_it.c ****     /* USER CODE BEGIN W1_HardFault_IRQn 0 */
  93:Src/stm32f4xx_it.c ****     /* USER CODE END W1_HardFault_IRQn 0 */
  94:Src/stm32f4xx_it.c ****   }
  63              		.loc 1 94 3 discriminator 1 view .LVU6
  90:Src/stm32f4xx_it.c ****   {
  64              		.loc 1 90 9 discriminator 1 view .LVU7
  65 0000 FEE7     		b	.L5
  66              		.cfi_endproc
  67              	.LFE131:
  69 0002 00BF     		.section	.text.MemManage_Handler,"ax",%progbits
  70              		.align	1
  71              		.p2align 2,,3
  72              		.global	MemManage_Handler
  73              		.syntax unified
  74              		.thumb
  75              		.thumb_func
  76              		.fpu fpv4-sp-d16
  78              	MemManage_Handler:
  79              	.LFB132:
  95:Src/stm32f4xx_it.c **** }
ARM GAS  /tmp/ccCYTMjq.s 			page 4


  96:Src/stm32f4xx_it.c **** 
  97:Src/stm32f4xx_it.c **** /**
  98:Src/stm32f4xx_it.c ****   * @brief This function handles Memory management fault.
  99:Src/stm32f4xx_it.c ****   */
 100:Src/stm32f4xx_it.c **** void MemManage_Handler(void)
 101:Src/stm32f4xx_it.c **** {
  80              		.loc 1 101 1 view -0
  81              		.cfi_startproc
  82              		@ Volatile: function does not return.
  83              		@ args = 0, pretend = 0, frame = 0
  84              		@ frame_needed = 0, uses_anonymous_args = 0
  85              		@ link register save eliminated.
  86              	.L7:
 102:Src/stm32f4xx_it.c ****   /* USER CODE BEGIN MemoryManagement_IRQn 0 */
 103:Src/stm32f4xx_it.c **** 
 104:Src/stm32f4xx_it.c ****   /* USER CODE END MemoryManagement_IRQn 0 */
 105:Src/stm32f4xx_it.c ****   while (1)
  87              		.loc 1 105 3 discriminator 1 view .LVU9
 106:Src/stm32f4xx_it.c ****   {
 107:Src/stm32f4xx_it.c ****     /* USER CODE BEGIN W1_MemoryManagement_IRQn 0 */
 108:Src/stm32f4xx_it.c ****     /* USER CODE END W1_MemoryManagement_IRQn 0 */
 109:Src/stm32f4xx_it.c ****   }
  88              		.loc 1 109 3 discriminator 1 view .LVU10
 105:Src/stm32f4xx_it.c ****   {
  89              		.loc 1 105 9 discriminator 1 view .LVU11
  90 0000 FEE7     		b	.L7
  91              		.cfi_endproc
  92              	.LFE132:
  94 0002 00BF     		.section	.text.BusFault_Handler,"ax",%progbits
  95              		.align	1
  96              		.p2align 2,,3
  97              		.global	BusFault_Handler
  98              		.syntax unified
  99              		.thumb
 100              		.thumb_func
 101              		.fpu fpv4-sp-d16
 103              	BusFault_Handler:
 104              	.LFB133:
 110:Src/stm32f4xx_it.c **** }
 111:Src/stm32f4xx_it.c **** 
 112:Src/stm32f4xx_it.c **** /**
 113:Src/stm32f4xx_it.c ****   * @brief This function handles Pre-fetch fault, memory access fault.
 114:Src/stm32f4xx_it.c ****   */
 115:Src/stm32f4xx_it.c **** void BusFault_Handler(void)
 116:Src/stm32f4xx_it.c **** {
 105              		.loc 1 116 1 view -0
 106              		.cfi_startproc
 107              		@ Volatile: function does not return.
 108              		@ args = 0, pretend = 0, frame = 0
 109              		@ frame_needed = 0, uses_anonymous_args = 0
 110              		@ link register save eliminated.
 111              	.L9:
 117:Src/stm32f4xx_it.c ****   /* USER CODE BEGIN BusFault_IRQn 0 */
 118:Src/stm32f4xx_it.c **** 
 119:Src/stm32f4xx_it.c ****   /* USER CODE END BusFault_IRQn 0 */
 120:Src/stm32f4xx_it.c ****   while (1)
 112              		.loc 1 120 3 discriminator 1 view .LVU13
ARM GAS  /tmp/ccCYTMjq.s 			page 5


 121:Src/stm32f4xx_it.c ****   {
 122:Src/stm32f4xx_it.c ****     /* USER CODE BEGIN W1_BusFault_IRQn 0 */
 123:Src/stm32f4xx_it.c ****     /* USER CODE END W1_BusFault_IRQn 0 */
 124:Src/stm32f4xx_it.c ****   }
 113              		.loc 1 124 3 discriminator 1 view .LVU14
 120:Src/stm32f4xx_it.c ****   {
 114              		.loc 1 120 9 discriminator 1 view .LVU15
 115 0000 FEE7     		b	.L9
 116              		.cfi_endproc
 117              	.LFE133:
 119 0002 00BF     		.section	.text.UsageFault_Handler,"ax",%progbits
 120              		.align	1
 121              		.p2align 2,,3
 122              		.global	UsageFault_Handler
 123              		.syntax unified
 124              		.thumb
 125              		.thumb_func
 126              		.fpu fpv4-sp-d16
 128              	UsageFault_Handler:
 129              	.LFB134:
 125:Src/stm32f4xx_it.c **** }
 126:Src/stm32f4xx_it.c **** 
 127:Src/stm32f4xx_it.c **** /**
 128:Src/stm32f4xx_it.c ****   * @brief This function handles Undefined instruction or illegal state.
 129:Src/stm32f4xx_it.c ****   */
 130:Src/stm32f4xx_it.c **** void UsageFault_Handler(void)
 131:Src/stm32f4xx_it.c **** {
 130              		.loc 1 131 1 view -0
 131              		.cfi_startproc
 132              		@ Volatile: function does not return.
 133              		@ args = 0, pretend = 0, frame = 0
 134              		@ frame_needed = 0, uses_anonymous_args = 0
 135              		@ link register save eliminated.
 136              	.L11:
 132:Src/stm32f4xx_it.c ****   /* USER CODE BEGIN UsageFault_IRQn 0 */
 133:Src/stm32f4xx_it.c **** 
 134:Src/stm32f4xx_it.c ****   /* USER CODE END UsageFault_IRQn 0 */
 135:Src/stm32f4xx_it.c ****   while (1)
 137              		.loc 1 135 3 discriminator 1 view .LVU17
 136:Src/stm32f4xx_it.c ****   {
 137:Src/stm32f4xx_it.c ****     /* USER CODE BEGIN W1_UsageFault_IRQn 0 */
 138:Src/stm32f4xx_it.c ****     /* USER CODE END W1_UsageFault_IRQn 0 */
 139:Src/stm32f4xx_it.c ****   }
 138              		.loc 1 139 3 discriminator 1 view .LVU18
 135:Src/stm32f4xx_it.c ****   {
 139              		.loc 1 135 9 discriminator 1 view .LVU19
 140 0000 FEE7     		b	.L11
 141              		.cfi_endproc
 142              	.LFE134:
 144 0002 00BF     		.section	.text.SVC_Handler,"ax",%progbits
 145              		.align	1
 146              		.p2align 2,,3
 147              		.global	SVC_Handler
 148              		.syntax unified
 149              		.thumb
 150              		.thumb_func
 151              		.fpu fpv4-sp-d16
ARM GAS  /tmp/ccCYTMjq.s 			page 6


 153              	SVC_Handler:
 154              	.LFB135:
 140:Src/stm32f4xx_it.c **** }
 141:Src/stm32f4xx_it.c **** 
 142:Src/stm32f4xx_it.c **** /**
 143:Src/stm32f4xx_it.c ****   * @brief This function handles System service call via SWI instruction.
 144:Src/stm32f4xx_it.c ****   */
 145:Src/stm32f4xx_it.c **** void SVC_Handler(void)
 146:Src/stm32f4xx_it.c **** {
 155              		.loc 1 146 1 view -0
 156              		.cfi_startproc
 157              		@ args = 0, pretend = 0, frame = 0
 158              		@ frame_needed = 0, uses_anonymous_args = 0
 159              		@ link register save eliminated.
 147:Src/stm32f4xx_it.c ****   /* USER CODE BEGIN SVCall_IRQn 0 */
 148:Src/stm32f4xx_it.c **** 
 149:Src/stm32f4xx_it.c ****   /* USER CODE END SVCall_IRQn 0 */
 150:Src/stm32f4xx_it.c ****   /* USER CODE BEGIN SVCall_IRQn 1 */
 151:Src/stm32f4xx_it.c **** 
 152:Src/stm32f4xx_it.c ****   /* USER CODE END SVCall_IRQn 1 */
 153:Src/stm32f4xx_it.c **** }
 160              		.loc 1 153 1 view .LVU21
 161 0000 7047     		bx	lr
 162              		.cfi_endproc
 163              	.LFE135:
 165 0002 00BF     		.section	.text.DebugMon_Handler,"ax",%progbits
 166              		.align	1
 167              		.p2align 2,,3
 168              		.global	DebugMon_Handler
 169              		.syntax unified
 170              		.thumb
 171              		.thumb_func
 172              		.fpu fpv4-sp-d16
 174              	DebugMon_Handler:
 175              	.LFB140:
 176              		.cfi_startproc
 177              		@ args = 0, pretend = 0, frame = 0
 178              		@ frame_needed = 0, uses_anonymous_args = 0
 179              		@ link register save eliminated.
 180 0000 7047     		bx	lr
 181              		.cfi_endproc
 182              	.LFE140:
 184 0002 00BF     		.section	.text.PendSV_Handler,"ax",%progbits
 185              		.align	1
 186              		.p2align 2,,3
 187              		.global	PendSV_Handler
 188              		.syntax unified
 189              		.thumb
 190              		.thumb_func
 191              		.fpu fpv4-sp-d16
 193              	PendSV_Handler:
 194              	.LFB142:
 195              		.cfi_startproc
 196              		@ args = 0, pretend = 0, frame = 0
 197              		@ frame_needed = 0, uses_anonymous_args = 0
 198              		@ link register save eliminated.
 199 0000 7047     		bx	lr
ARM GAS  /tmp/ccCYTMjq.s 			page 7


 200              		.cfi_endproc
 201              	.LFE142:
 203 0002 00BF     		.section	.text.SysTick_Handler,"ax",%progbits
 204              		.align	1
 205              		.p2align 2,,3
 206              		.global	SysTick_Handler
 207              		.syntax unified
 208              		.thumb
 209              		.thumb_func
 210              		.fpu fpv4-sp-d16
 212              	SysTick_Handler:
 213              	.LFB138:
 154:Src/stm32f4xx_it.c **** 
 155:Src/stm32f4xx_it.c **** /**
 156:Src/stm32f4xx_it.c ****   * @brief This function handles Debug monitor.
 157:Src/stm32f4xx_it.c ****   */
 158:Src/stm32f4xx_it.c **** void DebugMon_Handler(void)
 159:Src/stm32f4xx_it.c **** {
 160:Src/stm32f4xx_it.c ****   /* USER CODE BEGIN DebugMonitor_IRQn 0 */
 161:Src/stm32f4xx_it.c **** 
 162:Src/stm32f4xx_it.c ****   /* USER CODE END DebugMonitor_IRQn 0 */
 163:Src/stm32f4xx_it.c ****   /* USER CODE BEGIN DebugMonitor_IRQn 1 */
 164:Src/stm32f4xx_it.c **** 
 165:Src/stm32f4xx_it.c ****   /* USER CODE END DebugMonitor_IRQn 1 */
 166:Src/stm32f4xx_it.c **** }
 167:Src/stm32f4xx_it.c **** 
 168:Src/stm32f4xx_it.c **** /**
 169:Src/stm32f4xx_it.c ****   * @brief This function handles Pendable request for system service.
 170:Src/stm32f4xx_it.c ****   */
 171:Src/stm32f4xx_it.c **** void PendSV_Handler(void)
 172:Src/stm32f4xx_it.c **** {
 173:Src/stm32f4xx_it.c ****   /* USER CODE BEGIN PendSV_IRQn 0 */
 174:Src/stm32f4xx_it.c **** 
 175:Src/stm32f4xx_it.c ****   /* USER CODE END PendSV_IRQn 0 */
 176:Src/stm32f4xx_it.c ****   /* USER CODE BEGIN PendSV_IRQn 1 */
 177:Src/stm32f4xx_it.c **** 
 178:Src/stm32f4xx_it.c ****   /* USER CODE END PendSV_IRQn 1 */
 179:Src/stm32f4xx_it.c **** }
 180:Src/stm32f4xx_it.c **** 
 181:Src/stm32f4xx_it.c **** /**
 182:Src/stm32f4xx_it.c ****   * @brief This function handles System tick timer.
 183:Src/stm32f4xx_it.c ****   */
 184:Src/stm32f4xx_it.c **** void SysTick_Handler(void)
 185:Src/stm32f4xx_it.c **** {
 214              		.loc 1 185 1 view -0
 215              		.cfi_startproc
 216              		@ args = 0, pretend = 0, frame = 0
 217              		@ frame_needed = 0, uses_anonymous_args = 0
 218              		@ link register save eliminated.
 186:Src/stm32f4xx_it.c ****   /* USER CODE BEGIN SysTick_IRQn 0 */
 187:Src/stm32f4xx_it.c **** 
 188:Src/stm32f4xx_it.c ****   /* USER CODE END SysTick_IRQn 0 */
 189:Src/stm32f4xx_it.c ****   HAL_IncTick();
 219              		.loc 1 189 3 view .LVU23
 220 0000 FFF7FEBF 		b	HAL_IncTick
 221              	.LVL0:
 222              		.cfi_endproc
ARM GAS  /tmp/ccCYTMjq.s 			page 8


 223              	.LFE138:
 225              		.text
 226              	.Letext0:
 227              		.file 2 "Drivers/STM32F4xx_HAL_Driver/Inc/stm32f4xx_hal.h"
ARM GAS  /tmp/ccCYTMjq.s 			page 9


DEFINED SYMBOLS
                            *ABS*:0000000000000000 stm32f4xx_it.c
     /tmp/ccCYTMjq.s:18     .text.NMI_Handler:0000000000000000 $t
     /tmp/ccCYTMjq.s:27     .text.NMI_Handler:0000000000000000 NMI_Handler
     /tmp/ccCYTMjq.s:45     .text.HardFault_Handler:0000000000000000 $t
     /tmp/ccCYTMjq.s:53     .text.HardFault_Handler:0000000000000000 HardFault_Handler
     /tmp/ccCYTMjq.s:70     .text.MemManage_Handler:0000000000000000 $t
     /tmp/ccCYTMjq.s:78     .text.MemManage_Handler:0000000000000000 MemManage_Handler
     /tmp/ccCYTMjq.s:95     .text.BusFault_Handler:0000000000000000 $t
     /tmp/ccCYTMjq.s:103    .text.BusFault_Handler:0000000000000000 BusFault_Handler
     /tmp/ccCYTMjq.s:120    .text.UsageFault_Handler:0000000000000000 $t
     /tmp/ccCYTMjq.s:128    .text.UsageFault_Handler:0000000000000000 UsageFault_Handler
     /tmp/ccCYTMjq.s:145    .text.SVC_Handler:0000000000000000 $t
     /tmp/ccCYTMjq.s:153    .text.SVC_Handler:0000000000000000 SVC_Handler
     /tmp/ccCYTMjq.s:166    .text.DebugMon_Handler:0000000000000000 $t
     /tmp/ccCYTMjq.s:174    .text.DebugMon_Handler:0000000000000000 DebugMon_Handler
     /tmp/ccCYTMjq.s:185    .text.PendSV_Handler:0000000000000000 $t
     /tmp/ccCYTMjq.s:193    .text.PendSV_Handler:0000000000000000 PendSV_Handler
     /tmp/ccCYTMjq.s:204    .text.SysTick_Handler:0000000000000000 $t
     /tmp/ccCYTMjq.s:212    .text.SysTick_Handler:0000000000000000 SysTick_Handler

UNDEFINED SYMBOLS
HAL_IncTick
